0 info it worked if it ends with ok
1 verbose cli [ '/home/christian/.nvm/versions/node/v6.2.0/bin/node',
1 verbose cli   '/home/christian/.nvm/versions/node/v6.2.0/bin/npm',
1 verbose cli   'start' ]
2 info using npm@3.8.9
3 info using node@v6.2.0
4 verbose run-script [ 'prestart', 'start', 'poststart' ]
5 info lifecycle iweb_mock@1.0.0~prestart: iweb_mock@1.0.0
6 silly lifecycle iweb_mock@1.0.0~prestart: no script for prestart, continuing
7 info lifecycle iweb_mock@1.0.0~start: iweb_mock@1.0.0
8 verbose lifecycle iweb_mock@1.0.0~start: unsafe-perm in lifecycle true
9 verbose lifecycle iweb_mock@1.0.0~start: PATH: /home/christian/.nvm/versions/node/v6.2.0/lib/node_modules/npm/bin/node-gyp-bin:/home/christian/dev/camac5.src/iweb_mock/node_modules/.bin:/home/christian/.nvm/versions/node/v6.2.0/bin:/home/christian/.nvm/versions/node/v6.2.0/bin:/usr/local/sbin:/usr/local/bin:/usr/bin:/usr/lib/jvm/default/bin:/usr/bin/site_perl:/usr/bin/vendor_perl:/usr/bin/core_perl:/home/christian/android-sdk-linux/platform-tools:/home/christian/android-sdk-linux/tools
10 verbose lifecycle iweb_mock@1.0.0~start: CWD: /home/christian/dev/camac5.src/iweb_mock
11 silly lifecycle iweb_mock@1.0.0~start: Args: [ '-c', 'nodemon ./app.js' ]
12 silly lifecycle iweb_mock@1.0.0~start: Returned: code: 1  signal: null
13 info lifecycle iweb_mock@1.0.0~start: Failed to exec start script
14 verbose stack Error: iweb_mock@1.0.0 start: `nodemon ./app.js`
14 verbose stack Exit status 1
14 verbose stack     at EventEmitter.<anonymous> (/home/christian/.nvm/versions/node/v6.2.0/lib/node_modules/npm/lib/utils/lifecycle.js:245:16)
14 verbose stack     at emitTwo (events.js:106:13)
14 verbose stack     at EventEmitter.emit (events.js:191:7)
14 verbose stack     at ChildProcess.<anonymous> (/home/christian/.nvm/versions/node/v6.2.0/lib/node_modules/npm/lib/utils/spawn.js:24:14)
14 verbose stack     at emitTwo (events.js:106:13)
14 verbose stack     at ChildProcess.emit (events.js:191:7)
14 verbose stack     at maybeClose (internal/child_process.js:850:16)
14 verbose stack     at Process.ChildProcess._handle.onexit (internal/child_process.js:215:5)
15 verbose pkgid iweb_mock@1.0.0
16 verbose cwd /home/christian/dev/camac5.src/iweb_mock
17 error Linux 4.6.4-1-ARCH
18 error argv "/home/christian/.nvm/versions/node/v6.2.0/bin/node" "/home/christian/.nvm/versions/node/v6.2.0/bin/npm" "start"
19 error node v6.2.0
20 error npm  v3.8.9
21 error code ELIFECYCLE
22 error iweb_mock@1.0.0 start: `nodemon ./app.js`
22 error Exit status 1
23 error Failed at the iweb_mock@1.0.0 start script 'nodemon ./app.js'.
23 error Make sure you have the latest version of node.js and npm installed.
23 error If you do, this is most likely a problem with the iweb_mock package,
23 error not with npm itself.
23 error Tell the author that this fails on your system:
23 error     nodemon ./app.js
23 error You can get information on how to open an issue for this project with:
23 error     npm bugs iweb_mock
23 error Or if that isn't available, you can get their info via:
23 error     npm owner ls iweb_mock
23 error There is likely additional logging output above.
24 verbose exit [ 1, true ]
